Building DAG of jobs...
Using shell: /bin/bash
Provided cores: 1 (use --cores to define parallelism)
Rules claiming more threads will be scaled down.
Job stats:
job               count    min threads    max threads
--------------  -------  -------------  -------------
all                   1              1              1
quantify_genes        3              1              1
send_to_test          1              1              1
total                 5              1              1

Select jobs to execute...

[Fri Mar  4 11:38:37 2022]
rule quantify_genes:
    input: ../Resources/genome.fa, ../Resources/Sample1.R1.fastq.gz, ../Resources/Sample1.R2.fastq.gz
    output: Results/Sample1.txt
    jobid: 2
    wildcards: sample=Sample1
    resources: tmpdir=/tmp

[Fri Mar  4 11:38:37 2022]
Finished job 2.
1 of 5 steps (20%) done
Select jobs to execute...

[Fri Mar  4 11:38:37 2022]
rule quantify_genes:
    input: ../Resources/genome.fa, ../Resources/Sample2.R1.fastq.gz, ../Resources/Sample2.R2.fastq.gz
    output: Results/Sample2.txt
    jobid: 3
    wildcards: sample=Sample2
    resources: tmpdir=/tmp

[Fri Mar  4 11:38:37 2022]
Finished job 3.
2 of 5 steps (40%) done
Select jobs to execute...

[Fri Mar  4 11:38:37 2022]
rule quantify_genes:
    input: ../Resources/genome.fa, ../Resources/Sample3.R1.fastq.gz, ../Resources/Sample3.R2.fastq.gz
    output: Results/Sample3.txt
    jobid: 4
    wildcards: sample=Sample3
    resources: tmpdir=/tmp

[Fri Mar  4 11:38:37 2022]
Finished job 4.
3 of 5 steps (60%) done
Select jobs to execute...

[Fri Mar  4 11:38:37 2022]
rule send_to_test:
    input: Results/Sample1.txt, Results/Sample2.txt, Results/Sample3.txt
    output: Results/test.txt
    jobid: 1
    resources: tmpdir=/tmp

[Fri Mar  4 11:38:37 2022]
Finished job 1.
4 of 5 steps (80%) done
Select jobs to execute...

[Fri Mar  4 11:38:37 2022]
localrule all:
    input: Results/test.txt
    jobid: 0
    resources: tmpdir=/tmp

[Fri Mar  4 11:38:37 2022]
Finished job 0.
5 of 5 steps (100%) done
Complete log: /homes/ijapool/Thema/thema11/dataprocessing/Dataprocessing/Tutorial_01/Workflow/.snakemake/log/2022-03-04T113836.531847.snakemake.log
