Building DAG of jobs...
Using shell: /bin/bash
Provided cores: 1 (use --cores to define parallelism)
Rules claiming more threads will be scaled down.
Job stats:
job              count    min threads    max threads
-------------  -------  -------------  -------------
bwa_map              3              1              1
samtools_sort        3              1              1
total                6              1              1

Select jobs to execute...

[Tue Mar  8 13:47:47 2022]
Job 3: executing bwa mem on the following ../data/genome.fa ../data/samples/B.fastq to generate the following ../mapped_reads/B.bam

[Tue Mar  8 13:47:48 2022]
Finished job 3.
1 of 6 steps (17%) done
Select jobs to execute...

[Tue Mar  8 13:47:48 2022]
rule samtools_sort:
    input: ../mapped_reads/B.bam
    output: ../sorted_reads/B.bam
    jobid: 2
    wildcards: sample=B
    resources: tmpdir=/tmp

[Tue Mar  8 13:47:48 2022]
Finished job 2.
2 of 6 steps (33%) done
Select jobs to execute...

[Tue Mar  8 13:47:48 2022]
Job 1: executing bwa mem on the following ../data/genome.fa ../data/samples/A.fastq to generate the following ../mapped_reads/A.bam

[Tue Mar  8 13:47:49 2022]
Finished job 1.
3 of 6 steps (50%) done
Select jobs to execute...

[Tue Mar  8 13:47:49 2022]
rule samtools_sort:
    input: ../mapped_reads/A.bam
    output: ../sorted_reads/A.bam
    jobid: 0
    wildcards: sample=A
    resources: tmpdir=/tmp

[Tue Mar  8 13:47:49 2022]
Finished job 0.
4 of 6 steps (67%) done
Select jobs to execute...

[Tue Mar  8 13:47:49 2022]
Job 5: executing bwa mem on the following ../data/genome.fa ../data/samples/C.fastq to generate the following ../mapped_reads/C.bam

[Tue Mar  8 13:47:50 2022]
Finished job 5.
5 of 6 steps (83%) done
Select jobs to execute...

[Tue Mar  8 13:47:50 2022]
rule samtools_sort:
    input: ../mapped_reads/C.bam
    output: ../sorted_reads/C.bam
    jobid: 4
    wildcards: sample=C
    resources: tmpdir=/tmp

[Tue Mar  8 13:47:50 2022]
Finished job 4.
6 of 6 steps (100%) done
Complete log: /homes/ijapool/PycharmProjects/Dataprocessing2/Tutorial2/Workflow/.snakemake/log/2022-03-08T134747.080492.snakemake.log
