Building DAG of jobs...
Using shell: /bin/bash
Provided cores: 1 (use --cores to define parallelism)
Rules claiming more threads will be scaled down.
Job stats:
job           count    min threads    max threads
----------  -------  -------------  -------------
all               1              1              1
plot_quals        1              1              1
total             2              1              1

Select jobs to execute...

[Wed Apr  6 14:39:02 2022]
rule plot_quals:
    input: ../Results/calls/all.vcf
    output: ../Results/plots/quals.svg
    jobid: 1
    resources: tmpdir=/tmp

[Wed Apr  6 14:39:04 2022]
Finished job 1.
1 of 2 steps (50%) done
Select jobs to execute...

[Wed Apr  6 14:39:04 2022]
localrule all:
    input: ../Results/plots/quals.svg
    jobid: 0
    resources: tmpdir=/tmp

[Wed Apr  6 14:39:04 2022]
Finished job 0.
2 of 2 steps (100%) done
Complete log: /homes/ijapool/Thema/thema11/dataprocessing/Dataprocessing/Eindopdracht/Workflow/.snakemake/log/2022-04-06T143901.736466.snakemake.log
