Building DAG of jobs...
Using shell: /bin/bash
Provided cores: 1 (use --cores to define parallelism)
Rules claiming more threads will be scaled down.
Job stats:
job                count    min threads    max threads
---------------  -------  -------------  -------------
all                    1              1              1
bcftools_call          1              1              1
bwa_map                2              1              1
cutadapt               2              1              1
plot_quals             1              1              1
sametools_index        2              1              1
samtools_sort          2              1              1
total                 11              1              1

Select jobs to execute...

[Wed Apr  6 16:36:10 2022]
rule cutadapt:
    input: ../Resources/SRR2073061.fastq
    output: ../Results/cut_reads/SRR2073061.fastq
    jobid: 5
    wildcards: sample=SRR2073061
    resources: tmpdir=/tmp

[Wed Apr  6 16:36:10 2022]
Error in rule cutadapt:
    jobid: 5
    output: ../Results/cut_reads/SRR2073061.fastq
    shell:
        cutadapt -a CTGTCTCTTATACACATCT -o ../Results/cut_reads/SRR2073061.fastq 
        (one of the commands exited with non-zero exit code; note that snakemake uses bash strict mode!)

Shutting down, this might take some time.
Exiting because a job execution failed. Look above for error message
Complete log: /homes/ijapool/Thema/thema11/dataprocessing/Dataprocessing/Eindopdracht/Workflow/.snakemake/log/2022-04-06T163609.919642.snakemake.log
