Building DAG of jobs...
Using shell: /bin/bash
Provided cores: 1 (use --cores to define parallelism)
Rules claiming more threads will be scaled down.
Job stats:
job               count    min threads    max threads
--------------  -------  -------------  -------------
all                   1              1              1
bcftools_call         1              1              1
bwa_map               2              1              1
cutadapt              2              1              1
plot_quals            1              1              1
samtools_index        2              1              1
samtools_sort         2              1              1
total                11              1              1

Select jobs to execute...

[Mon Apr 11 12:37:14 2022]
rule cutadapt:
    input: /homes/ijapool/Thema/thema11/dataprocessing/Dataprocessing/Eindopdracht/Resources/SRR2073062.fastq
    output: /homes/ijapool/Thema/thema11/dataprocessing/Dataprocessing/Eindopdracht/Results/cut_reads/SRR2073062.fastq
    jobid: 8
    wildcards: sample=SRR2073062
    resources: tmpdir=/tmp

[Mon Apr 11 12:37:26 2022]
Finished job 8.
1 of 11 steps (9%) done
Select jobs to execute...

[Mon Apr 11 12:37:26 2022]
Job 7: Executing 'bwa mem' with 1 threads on /homes/ijapool/Thema/thema11/dataprocessing/Dataprocessing/Eindopdracht/Resources/Glycine_max_soybean.fa /homes/ijapool/Thema/thema11/dataprocessing/Dataprocessing/Eindopdracht/Results/cut_reads/SRR2073062.fastq

[Mon Apr 11 12:40:29 2022]
Finished job 7.
2 of 11 steps (18%) done
Select jobs to execute...

[Mon Apr 11 12:40:29 2022]
Job 6: Executing 'samtools sort' with 1 threads on /homes/ijapool/Thema/thema11/dataprocessing/Dataprocessing/Eindopdracht/Results/mapped_reads/SRR2073062.bam

Removing temporary output file /homes/ijapool/Thema/thema11/dataprocessing/Dataprocessing/Eindopdracht/Results/mapped_reads/SRR2073062.bam.
[Mon Apr 11 12:40:36 2022]
Finished job 6.
3 of 11 steps (27%) done
Select jobs to execute...

[Mon Apr 11 12:40:36 2022]
Job 10: Executing 'samtools index' on /homes/ijapool/Thema/thema11/dataprocessing/Dataprocessing/Eindopdracht/Results/sorted_reads/SRR2073062.bam

[Mon Apr 11 12:40:37 2022]
Finished job 10.
4 of 11 steps (36%) done
Select jobs to execute...

[Mon Apr 11 12:40:37 2022]
rule cutadapt:
    input: /homes/ijapool/Thema/thema11/dataprocessing/Dataprocessing/Eindopdracht/Resources/SRR2073061.fastq
    output: /homes/ijapool/Thema/thema11/dataprocessing/Dataprocessing/Eindopdracht/Results/cut_reads/SRR2073061.fastq
    jobid: 5
    wildcards: sample=SRR2073061
    resources: tmpdir=/tmp

[Mon Apr 11 12:40:50 2022]
Finished job 5.
5 of 11 steps (45%) done
Select jobs to execute...

[Mon Apr 11 12:40:50 2022]
Job 4: Executing 'bwa mem' with 1 threads on /homes/ijapool/Thema/thema11/dataprocessing/Dataprocessing/Eindopdracht/Resources/Glycine_max_soybean.fa /homes/ijapool/Thema/thema11/dataprocessing/Dataprocessing/Eindopdracht/Results/cut_reads/SRR2073061.fastq

[Mon Apr 11 12:43:54 2022]
Finished job 4.
6 of 11 steps (55%) done
Select jobs to execute...

[Mon Apr 11 12:43:54 2022]
Job 3: Executing 'samtools sort' with 1 threads on /homes/ijapool/Thema/thema11/dataprocessing/Dataprocessing/Eindopdracht/Results/mapped_reads/SRR2073061.bam

Removing temporary output file /homes/ijapool/Thema/thema11/dataprocessing/Dataprocessing/Eindopdracht/Results/mapped_reads/SRR2073061.bam.
[Mon Apr 11 12:44:01 2022]
Finished job 3.
7 of 11 steps (64%) done
Select jobs to execute...

[Mon Apr 11 12:44:01 2022]
Job 9: Executing 'samtools index' on /homes/ijapool/Thema/thema11/dataprocessing/Dataprocessing/Eindopdracht/Results/sorted_reads/SRR2073061.bam

[Mon Apr 11 12:44:02 2022]
Finished job 9.
8 of 11 steps (73%) done
Select jobs to execute...

[Mon Apr 11 12:44:02 2022]
Job 2: Executing 'samtools mpileup' and bcftools call with 1 threads on /homes/ijapool/Thema/thema11/dataprocessing/Dataprocessing/Eindopdracht/Resources/Glycine_max_soybean.fa /homes/ijapool/Thema/thema11/dataprocessing/Dataprocessing/Eindopdracht/Results/sorted_reads/SRR2073061.bam /homes/ijapool/Thema/thema11/dataprocessing/Dataprocessing/Eindopdracht/Results/sorted_reads/SRR2073062.bam /homes/ijapool/Thema/thema11/dataprocessing/Dataprocessing/Eindopdracht/Results/sorted_reads/SRR2073061.bam.bai /homes/ijapool/Thema/thema11/dataprocessing/Dataprocessing/Eindopdracht/Results/sorted_reads/SRR2073062.bam.bai

Removing temporary output file /homes/ijapool/Thema/thema11/dataprocessing/Dataprocessing/Eindopdracht/Results/sorted_reads/SRR2073061.bam.
Removing temporary output file /homes/ijapool/Thema/thema11/dataprocessing/Dataprocessing/Eindopdracht/Results/sorted_reads/SRR2073062.bam.
[Mon Apr 11 12:48:06 2022]
Finished job 2.
9 of 11 steps (82%) done
Select jobs to execute...

[Mon Apr 11 12:48:06 2022]
rule plot_quals:
    input: ../Results/calls/all.vcf
    output: ../Results/plots/quals.svg
    jobid: 1
    resources: tmpdir=/tmp

[Mon Apr 11 12:48:07 2022]
Finished job 1.
10 of 11 steps (91%) done
Select jobs to execute...

[Mon Apr 11 12:48:07 2022]
localrule all:
    input: ../Results/plots/quals.svg
    log: ../Results/logs/all.log
    jobid: 0
    resources: tmpdir=/tmp

[Mon Apr 11 12:48:07 2022]
Finished job 0.
11 of 11 steps (100%) done
Complete log: /homes/ijapool/Thema/thema11/dataprocessing/Dataprocessing/Eindopdracht/Workflow/.snakemake/log/2022-04-11T123713.511475.snakemake.log
