Building DAG of jobs...
Using shell: /bin/bash
Provided cores: 1 (use --cores to define parallelism)
Rules claiming more threads will be scaled down.
Job stats:
job                count    min threads    max threads
---------------  -------  -------------  -------------
all                    1              1              1
bcftools_call          1              1              1
bwa_map                2              1              1
cutadapt               2              1              1
plot_quals             1              1              1
sametools_index        2              1              1
samtools_sort          2              1              1
total                 11              1              1

Select jobs to execute...

[Wed Apr  6 16:37:32 2022]
rule cutadapt:
    input: ../Resources/SRR2073061.fastq
    output: ../Results/cut_reads/SRR2073061.fastq
    jobid: 5
    wildcards: sample=SRR2073061
    resources: tmpdir=/tmp

[Wed Apr  6 16:37:43 2022]
Finished job 5.
1 of 11 steps (9%) done
Select jobs to execute...

[Wed Apr  6 16:37:43 2022]
rule cutadapt:
    input: ../Resources/SRR2073062.fastq
    output: ../Results/cut_reads/SRR2073062.fastq
    jobid: 8
    wildcards: sample=SRR2073062
    resources: tmpdir=/tmp

[Wed Apr  6 16:37:56 2022]
Finished job 8.
2 of 11 steps (18%) done
Select jobs to execute...

[Wed Apr  6 16:37:56 2022]
Job 4: executing bwa mem on the following ../Resources/Glycine_max_soybean.fa ../Results/cut_reads/SRR2073061.fastq to generate the following ../Results/mapped_reads/SRR2073061.bam

[Wed Apr  6 16:40:39 2022]
Finished job 4.
3 of 11 steps (27%) done
Select jobs to execute...

[Wed Apr  6 16:40:39 2022]
Job 3: executing samtools sort on the following ../Results/mapped_reads/SRR2073061.bam to generate the following ../Results/sorted_reads/SRR2073061.bam.

[Wed Apr  6 16:40:46 2022]
Finished job 3.
4 of 11 steps (36%) done
Select jobs to execute...

[Wed Apr  6 16:40:46 2022]
Job 9: executing samtools index on the following ../Results/sorted_reads/SRR2073061.bam to generate the following ../Results/sorted_reads/SRR2073061.bam.bai.

[Wed Apr  6 16:40:47 2022]
Finished job 9.
5 of 11 steps (45%) done
Select jobs to execute...

[Wed Apr  6 16:40:47 2022]
Job 7: executing bwa mem on the following ../Resources/Glycine_max_soybean.fa ../Results/cut_reads/SRR2073062.fastq to generate the following ../Results/mapped_reads/SRR2073062.bam

[Wed Apr  6 16:43:30 2022]
Finished job 7.
6 of 11 steps (55%) done
Select jobs to execute...

[Wed Apr  6 16:43:30 2022]
Job 6: executing samtools sort on the following ../Results/mapped_reads/SRR2073062.bam to generate the following ../Results/sorted_reads/SRR2073062.bam.

[Wed Apr  6 16:43:37 2022]
Finished job 6.
7 of 11 steps (64%) done
Select jobs to execute...

[Wed Apr  6 16:43:37 2022]
Job 10: executing samtools index on the following ../Results/sorted_reads/SRR2073062.bam to generate the following ../Results/sorted_reads/SRR2073062.bam.bai.

[Wed Apr  6 16:43:38 2022]
Finished job 10.
8 of 11 steps (73%) done
Select jobs to execute...

[Wed Apr  6 16:43:38 2022]
Job 2: executing samtools and bcftools on the following ../Resources/Glycine_max_soybean.fa ../Results/sorted_reads/SRR2073061.bam ../Results/sorted_reads/SRR2073062.bam ../Results/sorted_reads/SRR2073061.bam.bai ../Results/sorted_reads/SRR2073062.bam.bai to generate the following ../Results/calls/all.vcf.

[Wed Apr  6 16:47:02 2022]
Finished job 2.
9 of 11 steps (82%) done
Select jobs to execute...

[Wed Apr  6 16:47:02 2022]
rule plot_quals:
    input: ../Results/calls/all.vcf
    output: ../Results/plots/quals.svg
    jobid: 1
    resources: tmpdir=/tmp

[Wed Apr  6 16:47:04 2022]
Finished job 1.
10 of 11 steps (91%) done
Select jobs to execute...

[Wed Apr  6 16:47:04 2022]
localrule all:
    input: ../Results/plots/quals.svg
    jobid: 0
    resources: tmpdir=/tmp

[Wed Apr  6 16:47:04 2022]
Finished job 0.
11 of 11 steps (100%) done
Complete log: /homes/ijapool/Thema/thema11/dataprocessing/Dataprocessing/Eindopdracht/Workflow/.snakemake/log/2022-04-06T163732.379928.snakemake.log
