Building DAG of jobs...
Using shell: /bin/bash
Provided cores: 1 (use --cores to define parallelism)
Rules claiming more threads will be scaled down.
Job stats:
job               count    min threads    max threads
--------------  -------  -------------  -------------
all                   1              1              1
bcftools_call         1              1              1
bwa_map               2              1              1
cutadapt              2              1              1
plot_quals            1              1              1
samtools_index        2              1              1
samtools_sort         2              1              1
total                11              1              1

Select jobs to execute...

[Mon Apr 11 12:36:41 2022]
rule cutadapt:
    input: /homes/ijapool/Thema/thema11/dataprocessing/Dataprocessing/Eindopdracht/Resources/SRR2073062.fastq
    output: /homes/ijapool/Thema/thema11/dataprocessing/Dataprocessing/Eindopdracht/Results/cut_reads/SRR2073062.fastq
    jobid: 8
    wildcards: sample=SRR2073062
    resources: tmpdir=/tmp

RuleException in line 1 of /homes/ijapool/Thema/thema11/dataprocessing/Dataprocessing/Eindopdracht/Workflow/Cutadapt.smk:
'InputFiles' object has no attribute 'sample'
