Building DAG of jobs...
Using shell: /bin/bash
Provided cores: 1 (use --cores to define parallelism)
Rules claiming more threads will be scaled down.
Job stats:
job               count    min threads    max threads
--------------  -------  -------------  -------------
all                   1              1              1
bcftools_call         1              1              1
bwa_map               2              1              1
plot_quals            1              1              1
samtools_index        2              1              1
samtools_sort         2              1              1
total                 9              1              1

Select jobs to execute...

[Mon Apr 11 12:09:04 2022]
Job 4: Executing 'bwa mem' with 1 threads on /homes/ijapool/Thema/thema11/dataprocessing/Dataprocessing/Eindopdracht/Resources/Glycine_max_soybean.fa /homes/ijapool/Thema/thema11/dataprocessing/Dataprocessing/Eindopdracht/Resources/SRR2073061.fastq

[Mon Apr 11 12:12:09 2022]
Finished job 4.
1 of 9 steps (11%) done
Select jobs to execute...

[Mon Apr 11 12:12:09 2022]
Job 3: Executing 'samtools sort' with 1 threads on /homes/ijapool/Thema/thema11/dataprocessing/Dataprocessing/Eindopdracht/Results/mapped_reads/SRR2073061.bam

Removing temporary output file /homes/ijapool/Thema/thema11/dataprocessing/Dataprocessing/Eindopdracht/Results/mapped_reads/SRR2073061.bam.
[Mon Apr 11 12:12:16 2022]
Finished job 3.
2 of 9 steps (22%) done
Select jobs to execute...

[Mon Apr 11 12:12:16 2022]
Job 7: Executing 'samtools index' on /homes/ijapool/Thema/thema11/dataprocessing/Dataprocessing/Eindopdracht/Results/sorted_reads/SRR2073061.bam

[Mon Apr 11 12:12:17 2022]
Finished job 7.
3 of 9 steps (33%) done
Select jobs to execute...

[Mon Apr 11 12:12:17 2022]
Job 6: Executing 'bwa mem' with 1 threads on /homes/ijapool/Thema/thema11/dataprocessing/Dataprocessing/Eindopdracht/Resources/Glycine_max_soybean.fa /homes/ijapool/Thema/thema11/dataprocessing/Dataprocessing/Eindopdracht/Resources/SRR2073062.fastq

[Mon Apr 11 12:15:20 2022]
Finished job 6.
4 of 9 steps (44%) done
Select jobs to execute...

[Mon Apr 11 12:15:20 2022]
Job 5: Executing 'samtools sort' with 1 threads on /homes/ijapool/Thema/thema11/dataprocessing/Dataprocessing/Eindopdracht/Results/mapped_reads/SRR2073062.bam

Removing temporary output file /homes/ijapool/Thema/thema11/dataprocessing/Dataprocessing/Eindopdracht/Results/mapped_reads/SRR2073062.bam.
[Mon Apr 11 12:15:27 2022]
Finished job 5.
5 of 9 steps (56%) done
Select jobs to execute...

[Mon Apr 11 12:15:27 2022]
Job 8: Executing 'samtools index' on /homes/ijapool/Thema/thema11/dataprocessing/Dataprocessing/Eindopdracht/Results/sorted_reads/SRR2073062.bam

[Mon Apr 11 12:15:28 2022]
Finished job 8.
6 of 9 steps (67%) done
Select jobs to execute...

[Mon Apr 11 12:15:28 2022]
Job 2: Executing 'samtools mpileup' and bcftools call with 1 threads on /homes/ijapool/Thema/thema11/dataprocessing/Dataprocessing/Eindopdracht/Resources/Glycine_max_soybean.fa /homes/ijapool/Thema/thema11/dataprocessing/Dataprocessing/Eindopdracht/Results/sorted_reads/SRR2073061.bam /homes/ijapool/Thema/thema11/dataprocessing/Dataprocessing/Eindopdracht/Results/sorted_reads/SRR2073062.bam /homes/ijapool/Thema/thema11/dataprocessing/Dataprocessing/Eindopdracht/Results/sorted_reads/SRR2073061.bam.bai /homes/ijapool/Thema/thema11/dataprocessing/Dataprocessing/Eindopdracht/Results/sorted_reads/SRR2073062.bam.bai

Removing temporary output file /homes/ijapool/Thema/thema11/dataprocessing/Dataprocessing/Eindopdracht/Results/sorted_reads/SRR2073061.bam.
Removing temporary output file /homes/ijapool/Thema/thema11/dataprocessing/Dataprocessing/Eindopdracht/Results/sorted_reads/SRR2073062.bam.
[Mon Apr 11 12:19:34 2022]
Finished job 2.
7 of 9 steps (78%) done
Select jobs to execute...

[Mon Apr 11 12:19:34 2022]
rule plot_quals:
    input: ../Results/calls/all.vcf
    output: ../Results/plots/quals.svg
    jobid: 1
    resources: tmpdir=/tmp

[Mon Apr 11 12:19:35 2022]
Finished job 1.
8 of 9 steps (89%) done
Select jobs to execute...

[Mon Apr 11 12:19:35 2022]
localrule all:
    input: ../Results/plots/quals.svg
    log: ../Results/logs/all.log
    jobid: 0
    resources: tmpdir=/tmp

[Mon Apr 11 12:19:35 2022]
Finished job 0.
9 of 9 steps (100%) done
Complete log: /homes/ijapool/Thema/thema11/dataprocessing/Dataprocessing/Eindopdracht/Workflow/.snakemake/log/2022-04-11T120903.637167.snakemake.log
