Building DAG of jobs...
Using shell: /bin/bash
Provided cores: 1 (use --cores to define parallelism)
Rules claiming more threads will be scaled down.
Job stats:
job               count    min threads    max threads
--------------  -------  -------------  -------------
all                   1              1              1
bcftools_call         1              1              1
bwa_map               2              1              1
plot_quals            1              1              1
samtools_index        2              1              1
samtools_sort         2              1              1
total                 9              1              1

Select jobs to execute...

[Wed Apr  6 12:26:04 2022]
Job 4: Executing 'bwa mem' with 1 threads on /homes/ijapool/Thema/thema11/dataprocessing/Dataprocessing/Eindopdracht/Resources/Glycine_max_soybean.faa /homes/ijapool/Thema/thema11/dataprocessing/Dataprocessing/Eindopdracht/Resources/SRR2073061.fastq

[Wed Apr  6 12:26:04 2022]
Error in rule bwa_map:
    jobid: 4
    output: /homes/ijapool/Thema/thema11/dataprocessing/Dataprocessing/Eindopdracht/Resources/mapped_reads/SRR2073061.bam
    log: ../logs/bwa_mem_SRR2073061.log (check log file(s) for error message)
    shell:
        (bwa mem -t 1 -M /homes/ijapool/Thema/thema11/dataprocessing/Dataprocessing/Eindopdracht/Resources/Glycine_max_soybean.faa /homes/ijapool/Thema/thema11/dataprocessing/Dataprocessing/Eindopdracht/Resources/SRR2073061.fastq | samtools view -Sb - > /homes/ijapool/Thema/thema11/dataprocessing/Dataprocessing/Eindopdracht/Resources/mapped_reads/SRR2073061.bam) 2> ../logs/bwa_mem_SRR2073061.log
        (one of the commands exited with non-zero exit code; note that snakemake uses bash strict mode!)

Removing output files of failed job bwa_map since they might be corrupted:
/homes/ijapool/Thema/thema11/dataprocessing/Dataprocessing/Eindopdracht/Resources/mapped_reads/SRR2073061.bam
Shutting down, this might take some time.
Exiting because a job execution failed. Look above for error message
Complete log: /homes/ijapool/Thema/thema11/dataprocessing/Dataprocessing/Eindopdracht/Workflow/.snakemake/log/2022-04-06T122603.581085.snakemake.log
