[M::bwa_idx_load_from_disk] read 0 ALT contigs
[M::process] read 116424 sequences (10000060 bp)...
[M::process] read 115892 sequences (10000114 bp)...
[M::mem_process_seqs] Processed 116424 reads in 10.194 CPU sec, 10.127 real sec
[M::process] read 115974 sequences (10000064 bp)...
[M::mem_process_seqs] Processed 115892 reads in 11.971 CPU sec, 11.849 real sec
[M::process] read 116334 sequences (10000177 bp)...
[M::mem_process_seqs] Processed 115974 reads in 12.759 CPU sec, 12.639 real sec
[M::process] read 116126 sequences (10000012 bp)...
[M::mem_process_seqs] Processed 116334 reads in 10.614 CPU sec, 10.500 real sec
[M::process] read 117680 sequences (10000001 bp)...
[M::mem_process_seqs] Processed 116126 reads in 9.270 CPU sec, 9.152 real sec
[M::process] read 117056 sequences (10000049 bp)...
[M::mem_process_seqs] Processed 117680 reads in 11.809 CPU sec, 11.694 real sec
[M::process] read 117152 sequences (10000017 bp)...
[M::mem_process_seqs] Processed 117056 reads in 9.803 CPU sec, 9.687 real sec
[M::process] read 114612 sequences (10000048 bp)...
[M::mem_process_seqs] Processed 117152 reads in 7.998 CPU sec, 7.885 real sec
[M::process] read 116340 sequences (10000161 bp)...
[M::mem_process_seqs] Processed 114612 reads in 11.416 CPU sec, 11.300 real sec
[M::process] read 116134 sequences (10000021 bp)...
[M::mem_process_seqs] Processed 116340 reads in 10.136 CPU sec, 10.023 real sec
[M::process] read 114366 sequences (10000146 bp)...
[M::mem_process_seqs] Processed 116134 reads in 11.886 CPU sec, 11.771 real sec
[M::process] read 116170 sequences (10000027 bp)...
[M::mem_process_seqs] Processed 114366 reads in 8.370 CPU sec, 8.255 real sec
[M::process] read 115998 sequences (10000175 bp)...
[M::mem_process_seqs] Processed 116170 reads in 14.500 CPU sec, 14.387 real sec
[M::process] read 114772 sequences (10000111 bp)...
[M::mem_process_seqs] Processed 115998 reads in 9.610 CPU sec, 9.496 real sec
[M::process] read 98220 sequences (8695684 bp)...
[M::mem_process_seqs] Processed 114772 reads in 16.818 CPU sec, 16.708 real sec
[M::mem_process_seqs] Processed 98220 reads in 16.289 CPU sec, 16.222 real sec
[main] Version: 0.7.17-r1188
[main] CMD: bwa mem -t 1 -M /homes/ijapool/Thema/thema11/dataprocessing/Dataprocessing/Eindopdracht/Resources/Glycine_max_soybean.fa /homes/ijapool/Thema/thema11/dataprocessing/Dataprocessing/Eindopdracht/Results/cut_reads/SRR2073062.fastq
[main] Real time: 182.783 sec; CPU: 184.039 sec
