[M::bwa_idx_load_from_disk] read 0 ALT contigs
[M::process] read 116394 sequences (10000089 bp)...
[M::process] read 116132 sequences (10000018 bp)...
[M::mem_process_seqs] Processed 116394 reads in 11.128 CPU sec, 11.061 real sec
[M::process] read 115996 sequences (10000073 bp)...
[M::mem_process_seqs] Processed 116132 reads in 11.551 CPU sec, 11.430 real sec
[M::process] read 116426 sequences (10000109 bp)...
[M::mem_process_seqs] Processed 115996 reads in 13.651 CPU sec, 13.532 real sec
[M::process] read 116286 sequences (10000089 bp)...
[M::mem_process_seqs] Processed 116426 reads in 10.220 CPU sec, 10.102 real sec
[M::process] read 118968 sequences (10000102 bp)...
[M::mem_process_seqs] Processed 116286 reads in 9.380 CPU sec, 9.263 real sec
[M::process] read 115718 sequences (10000113 bp)...
[M::mem_process_seqs] Processed 118968 reads in 12.022 CPU sec, 11.908 real sec
[M::process] read 117414 sequences (10000116 bp)...
[M::mem_process_seqs] Processed 115718 reads in 9.383 CPU sec, 9.264 real sec
[M::process] read 114936 sequences (10000012 bp)...
[M::mem_process_seqs] Processed 117414 reads in 9.663 CPU sec, 9.545 real sec
[M::process] read 116286 sequences (10000065 bp)...
[M::mem_process_seqs] Processed 114936 reads in 10.121 CPU sec, 10.003 real sec
[M::process] read 116616 sequences (10000092 bp)...
[M::mem_process_seqs] Processed 116286 reads in 10.070 CPU sec, 9.953 real sec
[M::process] read 114310 sequences (10000046 bp)...
[M::mem_process_seqs] Processed 116616 reads in 12.633 CPU sec, 12.515 real sec
[M::process] read 116322 sequences (10000155 bp)...
[M::mem_process_seqs] Processed 114310 reads in 8.338 CPU sec, 8.220 real sec
[M::process] read 116196 sequences (10000030 bp)...
[M::mem_process_seqs] Processed 116322 reads in 15.440 CPU sec, 15.325 real sec
[M::process] read 113566 sequences (10000027 bp)...
[M::mem_process_seqs] Processed 116196 reads in 11.902 CPU sec, 11.782 real sec
[M::process] read 68583 sequences (6091206 bp)...
[M::mem_process_seqs] Processed 113566 reads in 17.476 CPU sec, 17.383 real sec
[M::mem_process_seqs] Processed 68583 reads in 11.839 CPU sec, 11.771 real sec
[main] Version: 0.7.17-r1188
[main] CMD: bwa mem -t 1 -M /homes/ijapool/Thema/thema11/dataprocessing/Dataprocessing/Eindopdracht/Resources/Glycine_max_soybean.fa /homes/ijapool/Thema/thema11/dataprocessing/Dataprocessing/Eindopdracht/Results/cut_reads/SRR2073061.fastq
[main] Real time: 183.950 sec; CPU: 185.322 sec
