Building DAG of jobs...
Using shell: /bin/bash
Provided cores: 2
Rules claiming more threads will be scaled down.
Job stats:
job               count    min threads    max threads
--------------  -------  -------------  -------------
all                   1              1              1
make_histogram        1              2              2
total                 2              1              2

Select jobs to execute...

[Wed Mar 23 12:47:09 2022]
rule make_histogram:
    input: /commons/Themas/Thema11/Dataprocessing/WC04/data/gene_ex.csv
    output: result/heatmap.jpg
    jobid: 1
    threads: 2
    resources: tmpdir=/tmp

[Wed Mar 23 12:47:14 2022]
Finished job 1.
1 of 2 steps (50%) done
Select jobs to execute...

[Wed Mar 23 12:47:14 2022]
localrule all:
    input: result/heatmap.jpg
    jobid: 0
    resources: tmpdir=/tmp

[Wed Mar 23 12:47:14 2022]
Finished job 0.
2 of 2 steps (100%) done
Complete log: /homes/ijapool/PycharmProjects/Dataprocessing2/Tutorial5/Workflow/.snakemake/log/2022-03-23T124709.267624.snakemake.log
