Building DAG of jobs...
Using shell: /bin/bash
Provided cores: 1 (use --cores to define parallelism)
Rules claiming more threads will be scaled down.
Job stats:
job               count    min threads    max threads
--------------  -------  -------------  -------------
all                   1              1              1
make_histogram        1              1              1
total                 2              1              1

Select jobs to execute...

[Tue Mar 22 11:21:57 2022]
rule make_histogram:
    input: /commons/Themas/Thema11/Dataprocessing/WC04/data/out.csv
    output: result/histogram.jpg
    jobid: 1
    resources: tmpdir=/tmp

[Tue Mar 22 11:21:57 2022]
Error in rule make_histogram:
    jobid: 1
    output: result/histogram.jpg
    shell:
        Rscript heatmap.R /commons/Themas/Thema11/Dataprocessing/WC04/data/out.csv result/histogram.jpg
        (one of the commands exited with non-zero exit code; note that snakemake uses bash strict mode!)

Shutting down, this might take some time.
Exiting because a job execution failed. Look above for error message
Complete log: /homes/ijapool/PycharmProjects/Dataprocessing2/Tutorial4/Workflow/.snakemake/log/2022-03-22T112156.795889.snakemake.log
