Building DAG of jobs...
Using shell: /bin/bash
Provided cores: 1 (use --cores to define parallelism)
Rules claiming more threads will be scaled down.
Job stats:
job               count    min threads    max threads
--------------  -------  -------------  -------------
all                   1              1              1
make_histogram        1              1              1
total                 2              1              1

Select jobs to execute...

[Tue Mar 22 11:27:43 2022]
rule make_histogram:
    input: /commons/Themas/Thema11/Dataprocessing/WC04/data/out.csv
    output: result/histogram.jpg
    jobid: 1
    resources: tmpdir=/tmp

Waiting at most 5 seconds for missing files.
MissingOutputException in line 8 of /homes/ijapool/PycharmProjects/Dataprocessing2/Tutorial4/Workflow/Snakefile.smk:
Job Missing files after 5 seconds:
result/histogram.jpg
This might be due to filesystem latency. If that is the case, consider to increase the wait time with --latency-wait.
Job id: 1 completed successfully, but some output files are missing. 1
Shutting down, this might take some time.
Exiting because a job execution failed. Look above for error message
Complete log: /homes/ijapool/PycharmProjects/Dataprocessing2/Tutorial4/Workflow/.snakemake/log/2022-03-22T112742.879811.snakemake.log
