Building DAG of jobs...
Using shell: /bin/bash
Provided cores: 1 (use --cores to define parallelism)
Rules claiming more threads will be scaled down.
Job stats:
job               count    min threads    max threads
--------------  -------  -------------  -------------
all                   1              1              1
bcftools_call         1              1              1
bwa_map               4              1              1
report                1              1              1
samtools_index        4              1              1
samtools_sort         4              1              1
total                15              1              1

Select jobs to execute...

[Tue Mar 22 11:10:21 2022]
Job 4: executing bwa mem on the following /homes/ijapool/PycharmProjects/Dataprocessing2/Tutorial3/data/genome.fa /homes/ijapool/PycharmProjects/Dataprocessing2/Tutorial3/data/samples/A.fastq to generate the following /homes/ijapool/PycharmProjects/Dataprocessing2/Tutorial3/mapped_reads/A.bam

[Tue Mar 22 11:10:22 2022]
Finished job 4.
1 of 15 steps (7%) done
Select jobs to execute...

[Tue Mar 22 11:10:22 2022]
Job 3: message

[Tue Mar 22 11:10:22 2022]
Finished job 3.
2 of 15 steps (13%) done
Select jobs to execute...

[Tue Mar 22 11:10:22 2022]
Job 8: executing bwa mem on the following /homes/ijapool/PycharmProjects/Dataprocessing2/Tutorial3/data/genome.fa /homes/ijapool/PycharmProjects/Dataprocessing2/Tutorial3/data/samples/C.fastq to generate the following /homes/ijapool/PycharmProjects/Dataprocessing2/Tutorial3/mapped_reads/C.bam

[Tue Mar 22 11:10:23 2022]
Finished job 8.
3 of 15 steps (20%) done
Select jobs to execute...

[Tue Mar 22 11:10:23 2022]
Job 10: executing bwa mem on the following /homes/ijapool/PycharmProjects/Dataprocessing2/Tutorial3/data/genome.fa /homes/ijapool/PycharmProjects/Dataprocessing2/Tutorial3/data/samples/D.fastq to generate the following /homes/ijapool/PycharmProjects/Dataprocessing2/Tutorial3/mapped_reads/D.bam

[Tue Mar 22 11:10:24 2022]
Finished job 10.
4 of 15 steps (27%) done
Select jobs to execute...

[Tue Mar 22 11:10:24 2022]
Job 6: executing bwa mem on the following /homes/ijapool/PycharmProjects/Dataprocessing2/Tutorial3/data/genome.fa /homes/ijapool/PycharmProjects/Dataprocessing2/Tutorial3/data/samples/B.fastq to generate the following /homes/ijapool/PycharmProjects/Dataprocessing2/Tutorial3/mapped_reads/B.bam

[Tue Mar 22 11:10:25 2022]
Finished job 6.
5 of 15 steps (33%) done
Select jobs to execute...

[Tue Mar 22 11:10:25 2022]
Job 5: message

[Tue Mar 22 11:10:25 2022]
Finished job 5.
6 of 15 steps (40%) done
Select jobs to execute...

[Tue Mar 22 11:10:25 2022]
Job 12: message

[Tue Mar 22 11:10:25 2022]
Finished job 12.
7 of 15 steps (47%) done
Select jobs to execute...

[Tue Mar 22 11:10:25 2022]
Job 11: message

[Tue Mar 22 11:10:26 2022]
Finished job 11.
8 of 15 steps (53%) done
Select jobs to execute...

[Tue Mar 22 11:10:26 2022]
Job 9: message

[Tue Mar 22 11:10:26 2022]
Finished job 9.
9 of 15 steps (60%) done
Select jobs to execute...

[Tue Mar 22 11:10:26 2022]
Job 7: message

[Tue Mar 22 11:10:26 2022]
Finished job 7.
10 of 15 steps (67%) done
Select jobs to execute...

[Tue Mar 22 11:10:26 2022]
Job 13: message

[Tue Mar 22 11:10:26 2022]
Finished job 13.
11 of 15 steps (73%) done
Select jobs to execute...

[Tue Mar 22 11:10:26 2022]
Job 14: message

[Tue Mar 22 11:10:26 2022]
Finished job 14.
12 of 15 steps (80%) done
Select jobs to execute...

[Tue Mar 22 11:10:26 2022]
Job 2: message

[Tue Mar 22 11:10:26 2022]
Finished job 2.
13 of 15 steps (87%) done
Select jobs to execute...

[Tue Mar 22 11:10:26 2022]
Job 1: message

[Tue Mar 22 11:10:27 2022]
Finished job 1.
14 of 15 steps (93%) done
Select jobs to execute...

[Tue Mar 22 11:10:27 2022]
localrule all:
    input: /homes/ijapool/PycharmProjects/Dataprocessing2/Tutorial3/out.html
    jobid: 0
    resources: tmpdir=/tmp

[Tue Mar 22 11:10:27 2022]
Finished job 0.
15 of 15 steps (100%) done
Complete log: /homes/ijapool/PycharmProjects/Dataprocessing2/Tutorial3/Workflow/.snakemake/log/2022-03-22T111021.345104.snakemake.log
