Building DAG of jobs...
Using shell: /bin/bash
Provided cores: 1 (use --cores to define parallelism)
Rules claiming more threads will be scaled down.
Job stats:
job       count    min threads    max threads
------  -------  -------------  -------------
all           1              1              1
report        1              1              1
total         2              1              1

Select jobs to execute...

[Tue Mar 22 11:09:25 2022]
Job 1: message

[Tue Mar 22 11:09:26 2022]
Finished job 1.
1 of 2 steps (50%) done
Select jobs to execute...

[Tue Mar 22 11:09:26 2022]
localrule all:
    input: /homes/ijapool/PycharmProjects/Dataprocessing2/Tutorial3/out.html
    jobid: 0
    resources: tmpdir=/tmp

[Tue Mar 22 11:09:26 2022]
Finished job 0.
2 of 2 steps (100%) done
Complete log: /homes/ijapool/PycharmProjects/Dataprocessing2/Tutorial3/Workflow/.snakemake/log/2022-03-22T110925.222342.snakemake.log
