Building DAG of jobs...
Using shell: /bin/bash
Provided cores: 1 (use --cores to define parallelism)
Rules claiming more threads will be scaled down.
Job stats:
job       count    min threads    max threads
------  -------  -------------  -------------
all           1              1              1
report        1              1              1
total         2              1              1

Select jobs to execute...

[Fri Mar  4 11:43:28 2022]
rule report:
    input: ../Results/calls/all.vcf
    output: ../Results/output.html
    jobid: 1
    resources: tmpdir=/tmp

[Fri Mar  4 11:43:29 2022]
Finished job 1.
1 of 2 steps (50%) done
Select jobs to execute...

[Fri Mar  4 11:43:29 2022]
localrule all:
    input: ../Results/output.html
    jobid: 0
    resources: tmpdir=/tmp

[Fri Mar  4 11:43:29 2022]
Finished job 0.
2 of 2 steps (100%) done
Complete log: /homes/ijapool/Thema/thema11/dataprocessing/Dataprocessing/Tutorial_02/Workflow/.snakemake/log/2022-03-04T114328.014414.snakemake.log
