Building DAG of jobs...
Using shell: /bin/bash
Provided cores: 1 (use --cores to define parallelism)
Rules claiming more threads will be scaled down.
Job stats:
job               count    min threads    max threads
--------------  -------  -------------  -------------
bwa_map               1              1              1
samtools_index        4              1              1
samtools_sort         1              1              1
total                 6              1              1

Select jobs to execute...

[Tue Mar  8 13:48:38 2022]
Job 5: executing bwa mem on the following ../data/genome.fa ../data/samples/D.fastq to generate the following ../mapped_reads/D.bam

[Tue Mar  8 13:48:39 2022]
Finished job 5.
1 of 6 steps (17%) done
Select jobs to execute...

[Tue Mar  8 13:48:39 2022]
rule samtools_sort:
    input: ../mapped_reads/D.bam
    output: ../sorted_reads/D.bam
    jobid: 4
    wildcards: sample=D
    resources: tmpdir=/tmp

[Tue Mar  8 13:48:39 2022]
Finished job 4.
2 of 6 steps (33%) done
Select jobs to execute...

[Tue Mar  8 13:48:39 2022]
rule samtools_index:
    input: ../sorted_reads/D.bam
    output: ../sorted_reads/D.bam.bai
    jobid: 3
    wildcards: sample=D
    resources: tmpdir=/tmp

[Tue Mar  8 13:48:39 2022]
Finished job 3.
3 of 6 steps (50%) done
Select jobs to execute...

[Tue Mar  8 13:48:39 2022]
rule samtools_index:
    input: ../sorted_reads/B.bam
    output: ../sorted_reads/B.bam.bai
    jobid: 0
    wildcards: sample=B
    resources: tmpdir=/tmp

[Tue Mar  8 13:48:39 2022]
Finished job 0.
4 of 6 steps (67%) done
Select jobs to execute...

[Tue Mar  8 13:48:39 2022]
rule samtools_index:
    input: ../sorted_reads/C.bam
    output: ../sorted_reads/C.bam.bai
    jobid: 9
    wildcards: sample=C
    resources: tmpdir=/tmp

[Tue Mar  8 13:48:39 2022]
Finished job 9.
5 of 6 steps (83%) done
Select jobs to execute...

[Tue Mar  8 13:48:39 2022]
rule samtools_index:
    input: ../sorted_reads/A.bam
    output: ../sorted_reads/A.bam.bai
    jobid: 6
    wildcards: sample=A
    resources: tmpdir=/tmp

[Tue Mar  8 13:48:39 2022]
Finished job 6.
6 of 6 steps (100%) done
Complete log: /homes/ijapool/PycharmProjects/Dataprocessing2/Tutorial2/Workflow/.snakemake/log/2022-03-08T134837.621510.snakemake.log
